
hw4o3:     file format elf32-tradlittlemips


Disassembly of section .init:

00400430 <_init>:
  400430:	3c1c0002 	lui	gp,0x2
  400434:	279c8480 	addiu	gp,gp,-31616
  400438:	0399e021 	addu	gp,gp,t9
  40043c:	27bdffe0 	addiu	sp,sp,-32
  400440:	afbf001c 	sw	ra,28(sp)
  400444:	afbc0010 	sw	gp,16(sp)
  400448:	8f828044 	lw	v0,-32700(gp)
  40044c:	10400004 	beqz	v0,400460 <_init+0x30>
  400450:	8f998044 	lw	t9,-32700(gp)
  400454:	0320f809 	jalr	t9
  400458:	00000000 	nop
  40045c:	8fbc0010 	lw	gp,16(sp)
  400460:	04110001 	bal	400468 <_init+0x38>
  400464:	00000000 	nop
  400468:	3c1c0042 	lui	gp,0x42
  40046c:	279c88b0 	addiu	gp,gp,-30544
  400470:	8f998018 	lw	t9,-32744(gp)
  400474:	00000000 	nop
  400478:	273905e0 	addiu	t9,t9,1504
  40047c:	0320f809 	jalr	t9
  400480:	00000000 	nop
  400484:	8fbc0010 	lw	gp,16(sp)
  400488:	00000000 	nop
  40048c:	04110001 	bal	400494 <_init+0x64>
  400490:	00000000 	nop
  400494:	3c1c0042 	lui	gp,0x42
  400498:	279c88b0 	addiu	gp,gp,-30544
  40049c:	8f998018 	lw	t9,-32744(gp)
  4004a0:	00000000 	nop
  4004a4:	273907b0 	addiu	t9,t9,1968
  4004a8:	0320f809 	jalr	t9
  4004ac:	00000000 	nop
  4004b0:	8fbc0010 	lw	gp,16(sp)
  4004b4:	00000000 	nop
  4004b8:	8fbf001c 	lw	ra,28(sp)
  4004bc:	03e00008 	jr	ra
  4004c0:	27bd0020 	addiu	sp,sp,32

Disassembly of section .text:

004004d0 <__start>:
  4004d0:	03e00021 	move	zero,ra
  4004d4:	04110001 	bal	4004dc <__start+0xc>
  4004d8:	00000000 	nop
  4004dc:	3c1c0042 	lui	gp,0x42
  4004e0:	279c88b0 	addiu	gp,gp,-30544
  4004e4:	0000f821 	move	ra,zero
  4004e8:	8f848030 	lw	a0,-32720(gp)
  4004ec:	8fa50000 	lw	a1,0(sp)
  4004f0:	27a60004 	addiu	a2,sp,4
  4004f4:	2401fff8 	li	at,-8
  4004f8:	03a1e824 	and	sp,sp,at
  4004fc:	27bdffe0 	addiu	sp,sp,-32
  400500:	8f878038 	lw	a3,-32712(gp)
  400504:	8f888048 	lw	t0,-32696(gp)
  400508:	afa80010 	sw	t0,16(sp)
  40050c:	afa20014 	sw	v0,20(sp)
  400510:	afbd0018 	sw	sp,24(sp)
  400514:	8f99803c 	lw	t9,-32708(gp)
  400518:	0320f809 	jalr	t9
  40051c:	00000000 	nop

00400520 <hlt>:
  400520:	1000ffff 	b	400520 <hlt>
  400524:	00000000 	nop
	...

00400530 <__do_global_dtors_aux>:
  400530:	27bdffd0 	addiu	sp,sp,-48
  400534:	afbf002c 	sw	ra,44(sp)
  400538:	afb30028 	sw	s3,40(sp)
  40053c:	afb20024 	sw	s2,36(sp)
  400540:	afb10020 	sw	s1,32(sp)
  400544:	afb0001c 	sw	s0,28(sp)
  400548:	afbc0010 	sw	gp,16(sp)
  40054c:	3c130041 	lui	s3,0x41
  400550:	92620910 	lbu	v0,2320(s3)
  400554:	00000000 	nop
  400558:	1440001a 	bnez	v0,4005c4 <__do_global_dtors_aux+0x94>
  40055c:	3c020041 	lui	v0,0x41
  400560:	3c030041 	lui	v1,0x41
  400564:	24520890 	addiu	s2,v0,2192
  400568:	24630894 	addiu	v1,v1,2196
  40056c:	00721823 	subu	v1,v1,s2
  400570:	3c100041 	lui	s0,0x41
  400574:	00031883 	sra	v1,v1,0x2
  400578:	8e040914 	lw	a0,2324(s0)
  40057c:	2471ffff 	addiu	s1,v1,-1
  400580:	0091102b 	sltu	v0,a0,s1
  400584:	1040000e 	beqz	v0,4005c0 <__do_global_dtors_aux+0x90>
  400588:	24020001 	li	v0,1
  40058c:	24830001 	addiu	v1,a0,1
  400590:	00031080 	sll	v0,v1,0x2
  400594:	00521021 	addu	v0,v0,s2
  400598:	8c590000 	lw	t9,0(v0)
  40059c:	00000000 	nop
  4005a0:	0320f809 	jalr	t9
  4005a4:	ae030914 	sw	v1,2324(s0)
  4005a8:	8e040914 	lw	a0,2324(s0)
  4005ac:	8fbc0010 	lw	gp,16(sp)
  4005b0:	0091102b 	sltu	v0,a0,s1
  4005b4:	1440fff6 	bnez	v0,400590 <__do_global_dtors_aux+0x60>
  4005b8:	24830001 	addiu	v1,a0,1
  4005bc:	24020001 	li	v0,1
  4005c0:	a2620910 	sb	v0,2320(s3)
  4005c4:	8fbf002c 	lw	ra,44(sp)
  4005c8:	8fb30028 	lw	s3,40(sp)
  4005cc:	8fb20024 	lw	s2,36(sp)
  4005d0:	8fb10020 	lw	s1,32(sp)
  4005d4:	8fb0001c 	lw	s0,28(sp)
  4005d8:	03e00008 	jr	ra
  4005dc:	27bd0030 	addiu	sp,sp,48

004005e0 <frame_dummy>:
  4005e0:	3c040041 	lui	a0,0x41
  4005e4:	8c820898 	lw	v0,2200(a0)
  4005e8:	3c1c0042 	lui	gp,0x42
  4005ec:	10400007 	beqz	v0,40060c <frame_dummy+0x2c>
  4005f0:	279c88b0 	addiu	gp,gp,-30544
  4005f4:	8f998040 	lw	t9,-32704(gp)
  4005f8:	00000000 	nop
  4005fc:	13200003 	beqz	t9,40060c <frame_dummy+0x2c>
  400600:	00000000 	nop
  400604:	03200008 	jr	t9
  400608:	24840898 	addiu	a0,a0,2200
  40060c:	03e00008 	jr	ra
  400610:	00000000 	nop
	...

00400620 <leaf0>:
  400620:	3c1c0042 	lui	gp,0x42
  400624:	279c88b0 	addiu	gp,gp,-30544
  400628:	8f838034 	lw	v1,-32716(gp)
  40062c:	00000000 	nop
  400630:	8c620000 	lw	v0,0(v1)
  400634:	03e00008 	jr	ra
  400638:	00000000 	nop

0040063c <nest0>:
  40063c:	3c1c0042 	lui	gp,0x42
  400640:	279c88b0 	addiu	gp,gp,-30544
  400644:	8f838034 	lw	v1,-32716(gp)
  400648:	00000000 	nop
  40064c:	8c620000 	lw	v0,0(v1)
  400650:	03e00008 	jr	ra
  400654:	00000000 	nop

00400658 <leaf1>:
  400658:	3c1c0042 	lui	gp,0x42
  40065c:	279c88b0 	addiu	gp,gp,-30544
  400660:	8f838034 	lw	v1,-32716(gp)
  400664:	00000000 	nop
  400668:	8c620000 	lw	v0,0(v1)
  40066c:	03e00008 	jr	ra
  400670:	00821021 	addu	v0,a0,v0

00400674 <nest1>:
  400674:	3c1c0042 	lui	gp,0x42
  400678:	279c88b0 	addiu	gp,gp,-30544
  40067c:	8f838034 	lw	v1,-32716(gp)
  400680:	00000000 	nop
  400684:	8c620000 	lw	v0,0(v1)
  400688:	03e00008 	jr	ra
  40068c:	00000000 	nop

00400690 <leaf5>:
  400690:	3c1c0042 	lui	gp,0x42
  400694:	279c88b0 	addiu	gp,gp,-30544
  400698:	8f828034 	lw	v0,-32716(gp)
  40069c:	00000000 	nop
  4006a0:	8c430000 	lw	v1,0(v0)
  4006a4:	8fa20010 	lw	v0,16(sp)
  4006a8:	00832021 	addu	a0,a0,v1
  4006ac:	00852021 	addu	a0,a0,a1
  4006b0:	00862021 	addu	a0,a0,a2
  4006b4:	00872021 	addu	a0,a0,a3
  4006b8:	03e00008 	jr	ra
  4006bc:	00821021 	addu	v0,a0,v0

004006c0 <nest5>:
  4006c0:	3c1c0042 	lui	gp,0x42
  4006c4:	279c88b0 	addiu	gp,gp,-30544
  4006c8:	8f838034 	lw	v1,-32716(gp)
  4006cc:	00000000 	nop
  4006d0:	8c620000 	lw	v0,0(v1)
  4006d4:	03e00008 	jr	ra
  4006d8:	00000000 	nop

004006dc <main>:
  4006dc:	03e00008 	jr	ra
  4006e0:	00000000 	nop
	...

004006f0 <__libc_csu_fini>:
  4006f0:	03e00008 	jr	ra
  4006f4:	00000000 	nop

004006f8 <__libc_csu_init>:
  4006f8:	3c1c0002 	lui	gp,0x2
  4006fc:	279c81b8 	addiu	gp,gp,-32328
  400700:	0399e021 	addu	gp,gp,t9
  400704:	27bdffc8 	addiu	sp,sp,-56
  400708:	afbf0034 	sw	ra,52(sp)
  40070c:	afb50030 	sw	s5,48(sp)
  400710:	afb4002c 	sw	s4,44(sp)
  400714:	afb30028 	sw	s3,40(sp)
  400718:	afb20024 	sw	s2,36(sp)
  40071c:	afb10020 	sw	s1,32(sp)
  400720:	afb0001c 	sw	s0,28(sp)
  400724:	afbc0010 	sw	gp,16(sp)
  400728:	8f99802c 	lw	t9,-32724(gp)
  40072c:	0080a821 	move	s5,a0
  400730:	00a0a021 	move	s4,a1
  400734:	0320f809 	jalr	t9
  400738:	00c09821 	move	s3,a2
  40073c:	8fbc0010 	lw	gp,16(sp)
  400740:	8f83801c 	lw	v1,-32740(gp)
  400744:	8f82801c 	lw	v0,-32740(gp)
  400748:	00431023 	subu	v0,v0,v1
  40074c:	00029083 	sra	s2,v0,0x2
  400750:	1240000c 	beqz	s2,400784 <__libc_csu_init+0x8c>
  400754:	00608821 	move	s1,v1
  400758:	00008021 	move	s0,zero
  40075c:	8e390000 	lw	t9,0(s1)
  400760:	02a02021 	move	a0,s5
  400764:	02802821 	move	a1,s4
  400768:	02603021 	move	a2,s3
  40076c:	0320f809 	jalr	t9
  400770:	26100001 	addiu	s0,s0,1
  400774:	0212102b 	sltu	v0,s0,s2
  400778:	8fbc0010 	lw	gp,16(sp)
  40077c:	1440fff7 	bnez	v0,40075c <__libc_csu_init+0x64>
  400780:	26310004 	addiu	s1,s1,4
  400784:	8fbf0034 	lw	ra,52(sp)
  400788:	8fb50030 	lw	s5,48(sp)
  40078c:	8fb4002c 	lw	s4,44(sp)
  400790:	8fb30028 	lw	s3,40(sp)
  400794:	8fb20024 	lw	s2,36(sp)
  400798:	8fb10020 	lw	s1,32(sp)
  40079c:	8fb0001c 	lw	s0,28(sp)
  4007a0:	03e00008 	jr	ra
  4007a4:	27bd0038 	addiu	sp,sp,56
	...

004007b0 <__do_global_ctors_aux>:
  4007b0:	27bdffd8 	addiu	sp,sp,-40
  4007b4:	afbf0024 	sw	ra,36(sp)
  4007b8:	afb10020 	sw	s1,32(sp)
  4007bc:	afb0001c 	sw	s0,28(sp)
  4007c0:	afbc0010 	sw	gp,16(sp)
  4007c4:	3c020041 	lui	v0,0x41
  4007c8:	8c590888 	lw	t9,2184(v0)
  4007cc:	2403ffff 	li	v1,-1
  4007d0:	13230008 	beq	t9,v1,4007f4 <__do_global_ctors_aux+0x44>
  4007d4:	24500888 	addiu	s0,v0,2184
  4007d8:	2411ffff 	li	s1,-1
  4007dc:	0320f809 	jalr	t9
  4007e0:	2610fffc 	addiu	s0,s0,-4
  4007e4:	8e190000 	lw	t9,0(s0)
  4007e8:	8fbc0010 	lw	gp,16(sp)
  4007ec:	1731fffb 	bne	t9,s1,4007dc <__do_global_ctors_aux+0x2c>
  4007f0:	00000000 	nop
  4007f4:	8fbf0024 	lw	ra,36(sp)
  4007f8:	8fb10020 	lw	s1,32(sp)
  4007fc:	8fb0001c 	lw	s0,28(sp)
  400800:	03e00008 	jr	ra
  400804:	27bd0028 	addiu	sp,sp,40
	...

Disassembly of section .MIPS.stubs:

00400810 <.MIPS.stubs>:
  400810:	8f998010 	lw	t9,-32752(gp)
  400814:	03e07821 	move	t7,ra
  400818:	0320f809 	jalr	t9
  40081c:	24180008 	li	t8,8
	...

Disassembly of section .fini:

00400830 <_fini>:
  400830:	3c1c0002 	lui	gp,0x2
  400834:	279c8080 	addiu	gp,gp,-32640
  400838:	0399e021 	addu	gp,gp,t9
  40083c:	27bdffe0 	addiu	sp,sp,-32
  400840:	afbf001c 	sw	ra,28(sp)
  400844:	afbc0010 	sw	gp,16(sp)
  400848:	04110001 	bal	400850 <_fini+0x20>
  40084c:	00000000 	nop
  400850:	3c1c0042 	lui	gp,0x42
  400854:	279c88b0 	addiu	gp,gp,-30544
  400858:	8f998018 	lw	t9,-32744(gp)
  40085c:	00000000 	nop
  400860:	27390530 	addiu	t9,t9,1328
  400864:	0320f809 	jalr	t9
  400868:	00000000 	nop
  40086c:	8fbc0010 	lw	gp,16(sp)
  400870:	00000000 	nop
  400874:	8fbf001c 	lw	ra,28(sp)
  400878:	03e00008 	jr	ra
  40087c:	27bd0020 	addiu	sp,sp,32
