Adding 1 to 0.3, lots of times...
Adding 500000 1s to 0.3 gives this result:   500000.3
Adding 1000000 1s to 0.3 gives this result:  1000000.3
Adding 1500000 1s to 0.3 gives this result:  1500000.2
Adding 2000000 1s to 0.3 gives this result:  2000000.2
Adding 2500000 1s to 0.3 gives this result:  2500000.2
Adding 3000000 1s to 0.3 gives this result:  3000000.2
Adding 3500000 1s to 0.3 gives this result:  3500000.2
Adding 4000000 1s to 0.3 gives this result:  4000000.2
Adding 4500000 1s to 0.3 gives this result:  4500000.0
Adding 5000000 1s to 0.3 gives this result:  5000000.0
Adding 5500000 1s to 0.3 gives this result:  5500000.0
Adding 6000000 1s to 0.3 gives this result:  6000000.0
Adding 6500000 1s to 0.3 gives this result:  6500000.0
Adding 7000000 1s to 0.3 gives this result:  7000000.0
Adding 7500000 1s to 0.3 gives this result:  7500000.0
Adding 8000000 1s to 0.3 gives this result:  8000000.0
Adding 8500000 1s to 0.3 gives this result:  8500000.0
Adding 9000000 1s to 0.3 gives this result:  9000000.0
Adding 9500000 1s to 0.3 gives this result:  9500000.0

//https://www.h-schmidt.net/FloatConverter/IEEE754.html for ref


 You entered	
0.3
+1
-1
Value actually stored in float:	
0.300000011920928955078125
Error due to conversion:	
1.1920928955078125E-8
Binary Representation	
0 01111101 00110011001100110011010
Hexadecimal Representation	
0x3e99999a
 

You entered	
1000000.3
+1
-1
Value actually stored in float:	
1000000.3125
Error due to conversion:	
0.0125
Binary Representation	
0 10010010 11101000010010000000101
Hexadecimal Representation	
0x49742405
 

You entered	
1500000.2
+1
-1
Value actually stored in float:	
1500000.25
Error due to conversion:	
0.05
Binary Representation	
0 10010011 01101110001101100000010
Hexadecimal Representation	
0x49b71b02

You entered	
1500000.3
+1
-1
Value actually stored in float:	
1500000.25
Error due to conversion:	
-0.05
Binary Representation	
01001001101101110001101100000010
Hexadecimal Representation	
0x49b71b02

 
You entered	
4500000.0
+1
-1
Value actually stored in float:	
4500000
Error due to conversion:	
0.0
Binary Representation	
0 10010101 00010010101010001000000
Hexadecimal Representation	
0x4a895440


You entered	
4000000.3
+1
-1
Value actually stored in float:	
4000000.25
Error due to conversion:	
-0.05
Binary Representation	
01001010011101000010010000000001
Hexadecimal Representation	
0x4a742401


You entered	
10000000.3
+1
-1
Value actually stored in float:	
10000000
Error due to conversion:	
-0.3
Binary Representation	
0 10010110 00110001001011010000000
Hexadecimal Representation	
0x4b189680
