
bootblock:     file format elf32-tradlittlemips


Disassembly of section .text:

a0800000 <_ftext>:
	...
a0800030:	3c04a080 	lui	a0,0xa080
a0800034:	8c8400c0 	lw	a0,192(a0)
a0800038:	3c05a080 	lui	a1,0xa080
a080003c:	8ca500dc 	lw	a1,220(a1)
a0800040:	00a0f809 	jalr	a1
a0800044:	00000000 	nop
a0800048:	08200023 	j	a080008c <stop>
a080004c:	00000000 	nop
a0800050:	00000000 	nop
a0800054:	3c08a080 	lui	t0,0xa080
a0800058:	8d0800d8 	lw	t0,216(t0)
a080005c:	3c04a080 	lui	a0,0xa080
a0800060:	8c8400e4 	lw	a0,228(a0)
a0800064:	3c05a080 	lui	a1,0xa080
a0800068:	8ca500ec 	lw	a1,236(a1)
a080006c:	3c06a080 	lui	a2,0xa080
a0800070:	0100f809 	jalr	t0
a0800074:	8cc600f0 	lw	a2,240(a2)
a0800078:	3c04a080 	lui	a0,0xa080
a080007c:	8c8400e4 	lw	a0,228(a0)
a0800080:	00800008 	jr	a0
a0800084:	00000000 	nop
a0800088:	00000000 	nop

a080008c <stop>:
a080008c:	08200023 	j	a080008c <stop>
a0800090:	00000000 	nop
	...
a08000a0:	80000170 	lb	zero,368(zero)
	...
