\BOOKMARK [1][-]{section.1}{Question}{}% 1
\BOOKMARK [1][-]{section.2}{Lemma}{}% 2
\BOOKMARK [2][-]{subsection.2.1}{2.1. belong to \(\134in\) \(in\)}{section.2}% 3
\BOOKMARK [2][-]{subsection.2.2}{2.2. neg imply}{section.2}% 4
\BOOKMARK [2][-]{subsection.2.3}{2.3. transitivity1 \(trans\)}{section.2}% 5
\BOOKMARK [2][-]{subsection.2.4}{2.4. transitivity2 \(Tr\)}{section.2}% 6
\BOOKMARK [2][-]{subsection.2.5}{2.5. double neg}{section.2}% 7
\BOOKMARK [2][-]{subsection.2.6}{2.6. reductio}{section.2}% 8
\BOOKMARK [2][-]{subsection.2.7}{2.7. confliction}{section.2}% 9
\BOOKMARK [2][-]{subsection.2.8}{2.8. and}{section.2}% 10
\BOOKMARK [2][-]{subsection.2.9}{2.9. switch}{section.2}% 11
\BOOKMARK [1][-]{section.3}{Proof}{}% 12
\BOOKMARK [2][-]{subsection.3.1}{3.1. T1}{section.3}% 13
\BOOKMARK [2][-]{subsection.3.2}{3.2. T2}{section.3}% 14
\BOOKMARK [2][-]{subsection.3.3}{3.3. T3}{section.3}% 15
\BOOKMARK [2][-]{subsection.3.4}{3.4. T4}{section.3}% 16
\BOOKMARK [2][-]{subsection.3.5}{3.5. T5}{section.3}% 17
\BOOKMARK [2][-]{subsection.3.6}{3.6. T6}{section.3}% 18
\BOOKMARK [2][-]{subsection.3.7}{3.7. T7}{section.3}% 19
\BOOKMARK [2][-]{subsection.3.8}{3.8. T8}{section.3}% 20
